<?xml version="1.0" encoding="UTF-8"?>
<!-- Generated by org.testng.reporters.JUnitReportReporter -->
<testsuite skipped="0" hostname="DESKTOP-AOTV5IP" name="scripts.Test1" tests="1" failures="0" timestamp="2023-01-09T12:05:44 IST" time="11.557" errors="0">
  <testcase name="login_Test" time="11.557" classname="scripts.Test1"/>
  <system-out/>
</testsuite> <!-- scripts.Test1 -->
