<?xml version="1.0" encoding="UTF-8"?>
<!-- Generated by org.testng.reporters.JUnitReportReporter -->
<testsuite skipped="0" hostname="DESKTOP-AOTV5IP" name="scripts.Test2" tests="1" failures="0" timestamp="2023-01-09T19:14:50 IST" time="26.565" errors="0">
  <testcase name="addEmp" time="26.565" classname="scripts.Test2"/>
  <system-out/>
</testsuite> <!-- scripts.Test2 -->
